This file contains any messages produced by compilers while
running configure, to aid debugging if configure makes a mistake.

It was created by zeromq configure 4.3.5, which was
generated by GNU Autoconf 2.71.  Invocation command line was

  $ ./configure --enable-drafts --enable-static --disable-shared --disable-maintainer-mode --disable-Werror --disable-libbsd --disable-libunwind --disable-perf --disable-curve --disable-curve-keygen --disable-ws --disable-radix-tree

## --------- ##
## Platform. ##
## --------- ##

hostname = ryzen
uname -m = x86_64
uname -r = 6.1.57-1-lts
uname -s = Linux
uname -v = #1 SMP PREEMPT_DYNAMIC Wed, 11 Oct 2023 05:10:50 +0000

/usr/bin/uname -p = unknown
/bin/uname -X     = unknown

/bin/arch              = unknown
/usr/bin/arch -k       = unknown
/usr/convex/getsysinfo = unknown
/usr/bin/hostinfo      = unknown
/bin/machine           = unknown
/usr/bin/oslevel       = unknown
/bin/universe          = unknown

PATH: /usr/local/bin/
PATH: /usr/bin/
PATH: /usr/local/sbin/
PATH: /usr/lib/jvm/default/bin/
PATH: /usr/bin/site_perl/
PATH: /usr/bin/vendor_perl/
PATH: /usr/bin/core_perl/


## ----------- ##
## Core tests. ##
## ----------- ##

configure:3348: looking for aux files: ltmain.sh config.guess config.sub compile missing install-sh
configure:3361:  trying ./config/
configure:3390:   ./config/ltmain.sh found
configure:3390:   ./config/config.guess found
configure:3390:   ./config/config.sub found
configure:3390:   ./config/compile found
configure:3390:   ./config/missing found
configure:3372:   ./config/install-sh found
configure:3524: checking for a BSD-compatible install
configure:3597: result: /usr/bin/install -c
configure:3608: checking whether build environment is sane
configure:3663: result: yes
configure:3822: checking for a race-free mkdir -p
configure:3866: result: /usr/bin/mkdir -p
configure:3873: checking for gawk
configure:3894: found /usr/bin/gawk
configure:3905: result: gawk
configure:3916: checking whether make sets $(MAKE)
configure:3939: result: yes
configure:3969: checking whether make supports nested variables
configure:3987: result: yes
configure:4072: checking whether UID '1000' is supported by ustar format
configure:4075: result: yes
configure:4082: checking whether GID '1000' is supported by ustar format
configure:4085: result: yes
configure:4093: checking how to create a ustar tar archive
configure:4104: tar --version
tar (GNU tar) 1.35
Copyright (C) 2023 Free Software Foundation, Inc.
License GPLv3+: GNU GPL version 3 or later <https://gnu.org/licenses/gpl.html>.
This is free software: you are free to change and redistribute it.
There is NO WARRANTY, to the extent permitted by law.

Written by John Gilmore and Jay Fenlason.
configure:4107: $? = 0
configure:4147: tardir=conftest.dir && eval tar --format=ustar -chf - "$tardir" >conftest.tar
configure:4150: $? = 0
configure:4154: tar -xf - <conftest.tar
configure:4157: $? = 0
configure:4159: cat conftest.dir/file
GrepMe
configure:4162: $? = 0
configure:4176: result: gnutar
configure:4242: checking whether to enable maintainer-specific portions of Makefiles
configure:4252: result: no
configure:4679: checking whether make supports nested variables
configure:4697: result: yes
configure:4811: checking for gcc
configure:4843: result: gcc
configure:5196: checking for C compiler version
configure:5205: gcc --version >&5
gcc (GCC) 13.2.1 20230801
Copyright (C) 2023 Free Software Foundation, Inc.
This is free software; see the source for copying conditions.  There is NO
warranty; not even for MERCHANTABILITY or FITNESS FOR A PARTICULAR PURPOSE.

configure:5216: $? = 0
configure:5205: gcc -v >&5
Using built-in specs.
COLLECT_GCC=gcc
COLLECT_LTO_WRAPPER=/usr/lib/gcc/x86_64-pc-linux-gnu/13.2.1/lto-wrapper
Target: x86_64-pc-linux-gnu
Configured with: /build/gcc/src/gcc/configure --enable-languages=ada,c,c++,d,fortran,go,lto,objc,obj-c++ --enable-bootstrap --prefix=/usr --libdir=/usr/lib --libexecdir=/usr/lib --mandir=/usr/share/man --infodir=/usr/share/info --with-bugurl=https://bugs.archlinux.org/ --with-build-config=bootstrap-lto --with-linker-hash-style=gnu --with-system-zlib --enable-__cxa_atexit --enable-cet=auto --enable-checking=release --enable-clocale=gnu --enable-default-pie --enable-default-ssp --enable-gnu-indirect-function --enable-gnu-unique-object --enable-libstdcxx-backtrace --enable-link-serialization=1 --enable-linker-build-id --enable-lto --enable-multilib --enable-plugin --enable-shared --enable-threads=posix --disable-libssp --disable-libstdcxx-pch --disable-werror
Thread model: posix
Supported LTO compression algorithms: zlib zstd
gcc version 13.2.1 20230801 (GCC) 
configure:5216: $? = 0
configure:5205: gcc -V >&5
gcc: error: unrecognized command-line option '-V'
gcc: fatal error: no input files
compilation terminated.
configure:5216: $? = 1
configure:5205: gcc -qversion >&5
gcc: error: unrecognized command-line option '-qversion'; did you mean '--version'?
gcc: fatal error: no input files
compilation terminated.
configure:5216: $? = 1
configure:5205: gcc -version >&5
gcc: error: unrecognized command-line option '-version'
gcc: fatal error: no input files
compilation terminated.
configure:5216: $? = 1
configure:5236: checking whether the C compiler works
configure:5258: gcc -march=x86-64 -mtune=generic -O2 -pipe -fno-plt -fexceptions -Wp,-D_FORTIFY_SOURCE=2 -Wformat -Werror=format-security -fstack-clash-protection -fcf-protection -g -ffile-prefix-map=/build/r/src=/usr/src/debug/r -flto=auto -ffat-lto-objects -I/usr/local/include -Wl,-O1,--sort-common,--as-needed,-z,relro,-z,now -flto=auto conftest.c  >&5
configure:5262: $? = 0
configure:5312: result: yes
configure:5315: checking for C compiler default output file name
configure:5317: result: a.out
configure:5323: checking for suffix of executables
configure:5330: gcc -o conftest -march=x86-64 -mtune=generic -O2 -pipe -fno-plt -fexceptions -Wp,-D_FORTIFY_SOURCE=2 -Wformat -Werror=format-security -fstack-clash-protection -fcf-protection -g -ffile-prefix-map=/build/r/src=/usr/src/debug/r -flto=auto -ffat-lto-objects -I/usr/local/include -Wl,-O1,--sort-common,--as-needed,-z,relro,-z,now -flto=auto conftest.c  >&5
configure:5334: $? = 0
configure:5357: result: 
configure:5379: checking whether we are cross compiling
configure:5387: gcc -o conftest -march=x86-64 -mtune=generic -O2 -pipe -fno-plt -fexceptions -Wp,-D_FORTIFY_SOURCE=2 -Wformat -Werror=format-security -fstack-clash-protection -fcf-protection -g -ffile-prefix-map=/build/r/src=/usr/src/debug/r -flto=auto -ffat-lto-objects -I/usr/local/include -Wl,-O1,--sort-common,--as-needed,-z,relro,-z,now -flto=auto conftest.c  >&5
configure:5391: $? = 0
configure:5398: ./conftest
configure:5402: $? = 0
configure:5417: result: no
configure:5422: checking for suffix of object files
configure:5445: gcc -c -march=x86-64 -mtune=generic -O2 -pipe -fno-plt -fexceptions -Wp,-D_FORTIFY_SOURCE=2 -Wformat -Werror=format-security -fstack-clash-protection -fcf-protection -g -ffile-prefix-map=/build/r/src=/usr/src/debug/r -flto=auto -ffat-lto-objects -I/usr/local/include conftest.c >&5
configure:5449: $? = 0
configure:5471: result: o
configure:5475: checking whether the compiler supports GNU C
configure:5495: gcc -c -march=x86-64 -mtune=generic -O2 -pipe -fno-plt -fexceptions -Wp,-D_FORTIFY_SOURCE=2 -Wformat -Werror=format-security -fstack-clash-protection -fcf-protection -g -ffile-prefix-map=/build/r/src=/usr/src/debug/r -flto=auto -ffat-lto-objects -I/usr/local/include conftest.c >&5
configure:5495: $? = 0
configure:5505: result: yes
configure:5516: checking whether gcc accepts -g
configure:5537: gcc -c -g -I/usr/local/include conftest.c >&5
configure:5537: $? = 0
configure:5581: result: yes
configure:5601: checking for gcc option to enable C11 features
configure:5616: gcc  -c -march=x86-64 -mtune=generic -O2 -pipe -fno-plt -fexceptions -Wp,-D_FORTIFY_SOURCE=2 -Wformat -Werror=format-security -fstack-clash-protection -fcf-protection -g -ffile-prefix-map=/build/r/src=/usr/src/debug/r -flto=auto -ffat-lto-objects -I/usr/local/include conftest.c >&5
configure:5616: $? = 0
configure:5634: result: none needed
configure:5750: checking whether gcc understands -c and -o together
configure:5773: gcc -c conftest.c -o conftest2.o
configure:5776: $? = 0
configure:5773: gcc -c conftest.c -o conftest2.o
configure:5776: $? = 0
configure:5788: result: yes
configure:5808: checking whether make supports the include directive
configure:5823: make -f confmf.GNU && cat confinc.out
this is the am__doit target
configure:5826: $? = 0
configure:5845: result: yes (GNU style)
configure:5871: checking dependency style of gcc
configure:5983: result: gcc3
configure:5999: checking whether C compiler accepts -std=c11
configure:6019: gcc -c -march=x86-64 -mtune=generic -O2 -pipe -fno-plt -fexceptions -Wp,-D_FORTIFY_SOURCE=2 -Wformat -Werror=format-security -fstack-clash-protection -fcf-protection -g -ffile-prefix-map=/build/r/src=/usr/src/debug/r -flto=auto -ffat-lto-objects  -std=c11 -I/usr/local/include conftest.c >&5
configure:6019: $? = 0
configure:6028: result: yes
configure:6165: checking for C++ compiler version
configure:6174: g++ -std=gnu++17 --version >&5
g++ (GCC) 13.2.1 20230801
Copyright (C) 2023 Free Software Foundation, Inc.
This is free software; see the source for copying conditions.  There is NO
warranty; not even for MERCHANTABILITY or FITNESS FOR A PARTICULAR PURPOSE.

configure:6185: $? = 0
configure:6174: g++ -std=gnu++17 -v >&5
Using built-in specs.
COLLECT_GCC=g++
COLLECT_LTO_WRAPPER=/usr/lib/gcc/x86_64-pc-linux-gnu/13.2.1/lto-wrapper
Target: x86_64-pc-linux-gnu
Configured with: /build/gcc/src/gcc/configure --enable-languages=ada,c,c++,d,fortran,go,lto,objc,obj-c++ --enable-bootstrap --prefix=/usr --libdir=/usr/lib --libexecdir=/usr/lib --mandir=/usr/share/man --infodir=/usr/share/info --with-bugurl=https://bugs.archlinux.org/ --with-build-config=bootstrap-lto --with-linker-hash-style=gnu --with-system-zlib --enable-__cxa_atexit --enable-cet=auto --enable-checking=release --enable-clocale=gnu --enable-default-pie --enable-default-ssp --enable-gnu-indirect-function --enable-gnu-unique-object --enable-libstdcxx-backtrace --enable-link-serialization=1 --enable-linker-build-id --enable-lto --enable-multilib --enable-plugin --enable-shared --enable-threads=posix --disable-libssp --disable-libstdcxx-pch --disable-werror
Thread model: posix
Supported LTO compression algorithms: zlib zstd
gcc version 13.2.1 20230801 (GCC) 
configure:6185: $? = 0
configure:6174: g++ -std=gnu++17 -V >&5
g++: error: unrecognized command-line option '-V'
g++: fatal error: no input files
compilation terminated.
configure:6185: $? = 1
configure:6174: g++ -std=gnu++17 -qversion >&5
g++: error: unrecognized command-line option '-qversion'; did you mean '--version'?
g++: fatal error: no input files
compilation terminated.
configure:6185: $? = 1
configure:6189: checking whether the compiler supports GNU C++
configure:6209: g++ -std=gnu++17 -c -march=x86-64 -mtune=generic -O2 -pipe -fno-plt -fexceptions -Wp,-D_FORTIFY_SOURCE=2 -Wformat -Werror=format-security -fstack-clash-protection -fcf-protection -Wp,-D_GLIBCXX_ASSERTIONS -g -ffile-prefix-map=/build/r/src=/usr/src/debug/r -flto=auto -ffat-lto-objects -fPIC -I/usr/local/include conftest.cpp >&5
configure:6209: $? = 0
configure:6219: result: yes
configure:6230: checking whether g++ -std=gnu++17 accepts -g
configure:6251: g++ -std=gnu++17 -c -g -I/usr/local/include conftest.cpp >&5

## ---------------- ##
## Cache variables. ##
## ---------------- ##

ac_cv_c_compiler_gnu=yes
ac_cv_cxx_compiler_gnu=yes
ac_cv_env_ASCIIDOC_set=
ac_cv_env_ASCIIDOC_value=
ac_cv_env_CCC_set=
ac_cv_env_CCC_value=
ac_cv_env_CC_set=set
ac_cv_env_CC_value=gcc
ac_cv_env_CFLAGS_set=set
ac_cv_env_CFLAGS_value='-march=x86-64 -mtune=generic -O2 -pipe -fno-plt -fexceptions -Wp,-D_FORTIFY_SOURCE=2 -Wformat -Werror=format-security -fstack-clash-protection -fcf-protection -g -ffile-prefix-map=/build/r/src=/usr/src/debug/r -flto=auto -ffat-lto-objects'
ac_cv_env_CPPFLAGS_set=set
ac_cv_env_CPPFLAGS_value=-I/usr/local/include
ac_cv_env_CXXCPP_set=
ac_cv_env_CXXCPP_value=
ac_cv_env_CXXFLAGS_set=set
ac_cv_env_CXXFLAGS_value='-march=x86-64 -mtune=generic -O2 -pipe -fno-plt -fexceptions -Wp,-D_FORTIFY_SOURCE=2 -Wformat -Werror=format-security -fstack-clash-protection -fcf-protection -Wp,-D_GLIBCXX_ASSERTIONS -g -ffile-prefix-map=/build/r/src=/usr/src/debug/r -flto=auto -ffat-lto-objects -fPIC'
ac_cv_env_CXX_set=set
ac_cv_env_CXX_value='g++ -std=gnu++17'
ac_cv_env_GNUTLS_CFLAGS_set=
ac_cv_env_GNUTLS_CFLAGS_value=
ac_cv_env_GNUTLS_LIBS_set=
ac_cv_env_GNUTLS_LIBS_value=
ac_cv_env_LDFLAGS_set=set
ac_cv_env_LDFLAGS_value='-Wl,-O1,--sort-common,--as-needed,-z,relro,-z,now -flto=auto'
ac_cv_env_LIBBSD_CFLAGS_set=
ac_cv_env_LIBBSD_CFLAGS_value=
ac_cv_env_LIBBSD_LIBS_set=
ac_cv_env_LIBBSD_LIBS_value=
ac_cv_env_LIBS_set=
ac_cv_env_LIBS_value=
ac_cv_env_LIBUNWIND_CFLAGS_set=
ac_cv_env_LIBUNWIND_CFLAGS_value=
ac_cv_env_LIBUNWIND_LIBS_set=
ac_cv_env_LIBUNWIND_LIBS_value=
ac_cv_env_LT_SYS_LIBRARY_PATH_set=
ac_cv_env_LT_SYS_LIBRARY_PATH_value=
ac_cv_env_NSS3_CFLAGS_set=
ac_cv_env_NSS3_CFLAGS_value=
ac_cv_env_NSS3_LIBS_set=
ac_cv_env_NSS3_LIBS_value=
ac_cv_env_PKG_CONFIG_LIBDIR_set=
ac_cv_env_PKG_CONFIG_LIBDIR_value=
ac_cv_env_PKG_CONFIG_PATH_set=
ac_cv_env_PKG_CONFIG_PATH_value=
ac_cv_env_PKG_CONFIG_set=
ac_cv_env_PKG_CONFIG_value=
ac_cv_env_XMLTO_set=
ac_cv_env_XMLTO_value=
ac_cv_env_build_alias_set=
ac_cv_env_build_alias_value=
ac_cv_env_gssapi_krb5_CFLAGS_set=
ac_cv_env_gssapi_krb5_CFLAGS_value=
ac_cv_env_gssapi_krb5_LIBS_set=
ac_cv_env_gssapi_krb5_LIBS_value=
ac_cv_env_host_alias_set=
ac_cv_env_host_alias_value=
ac_cv_env_norm_CFLAGS_set=
ac_cv_env_norm_CFLAGS_value=
ac_cv_env_norm_LIBS_set=
ac_cv_env_norm_LIBS_value=
ac_cv_env_pgm_CFLAGS_set=
ac_cv_env_pgm_CFLAGS_value=
ac_cv_env_pgm_LIBS_set=
ac_cv_env_pgm_LIBS_value=
ac_cv_env_sodium_CFLAGS_set=
ac_cv_env_sodium_CFLAGS_value=
ac_cv_env_sodium_LIBS_set=
ac_cv_env_sodium_LIBS_value=
ac_cv_env_target_alias_set=
ac_cv_env_target_alias_value=
ac_cv_objext=o
ac_cv_path_install='/usr/bin/install -c'
ac_cv_path_mkdir=/usr/bin/mkdir
ac_cv_prog_AWK=gawk
ac_cv_prog_ac_ct_CC=gcc
ac_cv_prog_cc_c11=
ac_cv_prog_cc_g=yes
ac_cv_prog_cc_stdc=
ac_cv_prog_cxx_g=no
ac_cv_prog_make_make_set=yes
am_cv_CC_dependencies_compiler_type=gcc3
am_cv_make_support_nested_variables=yes
am_cv_prog_cc_c_o=yes
am_cv_prog_tar_ustar=gnutar
ax_cv_check_cflags___std_c11=yes

## ----------------- ##
## Output variables. ##
## ----------------- ##

ACLOCAL='${SHELL} '\''/home/mschu/Code/clustermq/src/libzmq/config/missing'\'' aclocal-1.16'
AMDEPBACKSLASH='\'
AMDEP_FALSE='#'
AMDEP_TRUE=''
AMTAR='$${TAR-tar}'
AM_BACKSLASH='\'
AM_DEFAULT_V='$(AM_DEFAULT_VERBOSITY)'
AM_DEFAULT_VERBOSITY='0'
AM_V='$(V)'
AR=''
AS=''
ASCIIDOC=''
AUTOCONF='${SHELL} '\''/home/mschu/Code/clustermq/src/libzmq/config/missing'\'' autoconf'
AUTOHEADER='${SHELL} '\''/home/mschu/Code/clustermq/src/libzmq/config/missing'\'' autoheader'
AUTOMAKE='${SHELL} '\''/home/mschu/Code/clustermq/src/libzmq/config/missing'\'' automake-1.16'
AWK='gawk'
BUILD_DOC_FALSE=''
BUILD_DOC_TRUE=''
BUILD_GSSAPI_FALSE=''
BUILD_GSSAPI_TRUE=''
BUILD_TIPC_FALSE=''
BUILD_TIPC_TRUE=''
CC='gcc'
CCDEPMODE='depmode=gcc3'
CFLAGS='-march=x86-64 -mtune=generic -O2 -pipe -fno-plt -fexceptions -Wp,-D_FORTIFY_SOURCE=2 -Wformat -Werror=format-security -fstack-clash-protection -fcf-protection -g -ffile-prefix-map=/build/r/src=/usr/src/debug/r -flto=auto -ffat-lto-objects -std=c11'
CLANG_FORMAT=''
CODE_COVERAGE_CFLAGS=''
CODE_COVERAGE_CPPFLAGS=''
CODE_COVERAGE_CXXFLAGS=''
CODE_COVERAGE_ENABLED=''
CODE_COVERAGE_ENABLED_FALSE=''
CODE_COVERAGE_ENABLED_TRUE=''
CODE_COVERAGE_LDFLAGS=''
CODE_COVERAGE_LIBS=''
CODE_COVERAGE_RULES=''
CPPFLAGS='-I/usr/local/include'
CSCOPE='cscope'
CTAGS='ctags'
CXX='g++ -std=gnu++17'
CXXCPP=''
CXXDEPMODE=''
CXXFLAGS='-g'
CYGPATH_W='echo'
DEFS=''
DEPDIR='.deps'
DLLTOOL=''
DSYMUTIL=''
DUMPBIN=''
ECHO_C=''
ECHO_N='-n'
ECHO_T=''
EGREP=''
ENABLE_ASAN_FALSE=''
ENABLE_ASAN_TRUE=''
ENABLE_CURVE_KEYGEN_FALSE=''
ENABLE_CURVE_KEYGEN_TRUE=''
ENABLE_DRAFTS_FALSE=''
ENABLE_DRAFTS_TRUE=''
ENABLE_PERF_FALSE=''
ENABLE_PERF_TRUE=''
ENABLE_RADIX_TREE_FALSE=''
ENABLE_RADIX_TREE_TRUE=''
ENABLE_STATIC_FALSE=''
ENABLE_STATIC_TRUE=''
ENABLE_TSAN_FALSE=''
ENABLE_TSAN_TRUE=''
ETAGS='etags'
EXEEXT=''
FGREP=''
FILECMD=''
FUZZING_ENGINE_LIB=''
FUZZING_ENGINE_LIB_FALSE=''
FUZZING_ENGINE_LIB_TRUE=''
FUZZING_INSTALLDIR=''
GCOV=''
GENHTML=''
GNUTLS_CFLAGS=''
GNUTLS_LIBS=''
GREP=''
HAVE_CURVE_FALSE=''
HAVE_CURVE_TRUE=''
HAVE_CXX11=''
HAVE_FORK_FALSE=''
HAVE_FORK_TRUE=''
HAVE_IPC_PEERCRED_FALSE=''
HAVE_IPC_PEERCRED_TRUE=''
HAVE_NORM_FALSE=''
HAVE_NORM_TRUE=''
HAVE_PGM_FALSE=''
HAVE_PGM_TRUE=''
HAVE_VMCI_FALSE=''
HAVE_VMCI_TRUE=''
HAVE_VSCRIPT_COMPLEX_FALSE=''
HAVE_VSCRIPT_COMPLEX_TRUE=''
HAVE_VSCRIPT_FALSE=''
HAVE_VSCRIPT_TRUE=''
HAVE_WSS_FALSE=''
HAVE_WSS_TRUE=''
HAVE_WS_FALSE=''
HAVE_WS_TRUE=''
INSTALL_DATA='${INSTALL} -m 644'
INSTALL_MAN_FALSE=''
INSTALL_MAN_TRUE=''
INSTALL_PROGRAM='${INSTALL}'
INSTALL_SCRIPT='${INSTALL}'
INSTALL_STRIP_PROGRAM='$(install_sh) -c -s'
LCOV=''
LD=''
LDFLAGS='-Wl,-O1,--sort-common,--as-needed,-z,relro,-z,now -flto=auto'
LIBBSD_CFLAGS=''
LIBBSD_LIBS=''
LIBOBJS=''
LIBS=''
LIBTOOL=''
LIBUNWIND_CFLAGS=''
LIBUNWIND_LIBS=''
LIBZMQ_EXTRA_CFLAGS=''
LIBZMQ_EXTRA_CXXFLAGS=''
LIBZMQ_EXTRA_LDFLAGS=''
LIBZMQ_VMCI_CXXFLAGS=''
LIBZMQ_VMCI_LDFLAGS=''
LIPO=''
LN_S='ln -s'
LTLIBOBJS=''
LTVER='7:5:2'
LT_SYS_LIBRARY_PATH=''
MAINT='#'
MAINTAINER_MODE_FALSE=''
MAINTAINER_MODE_TRUE='#'
MAKEINFO='${SHELL} '\''/home/mschu/Code/clustermq/src/libzmq/config/missing'\'' makeinfo'
MANIFEST_TOOL=''
MKDIR_P='/usr/bin/mkdir -p'
NM=''
NMEDIT=''
NSS3_CFLAGS=''
NSS3_LIBS=''
OBJDUMP=''
OBJEXT='o'
ON_ANDROID_FALSE=''
ON_ANDROID_TRUE=''
ON_CYGWIN_FALSE=''
ON_CYGWIN_TRUE=''
ON_GNU_FALSE=''
ON_GNU_TRUE=''
ON_LINUX_FALSE=''
ON_LINUX_TRUE=''
ON_MINGW_FALSE=''
ON_MINGW_TRUE=''
OTOOL64=''
OTOOL=''
PACKAGE='zeromq'
PACKAGE_BUGREPORT='zeromq-dev@lists.zeromq.org'
PACKAGE_NAME='zeromq'
PACKAGE_STRING='zeromq 4.3.5'
PACKAGE_TARNAME='zeromq'
PACKAGE_URL=''
PACKAGE_VERSION='4.3.5'
PATH_SEPARATOR=':'
PKG_CONFIG=''
PKG_CONFIG_LIBDIR=''
PKG_CONFIG_PATH=''
RANLIB=''
SED='/usr/bin/sed'
SET_MAKE=''
SHELL='/bin/sh'
STRIP=''
USE_BUILTIN_SHA1_FALSE=''
USE_BUILTIN_SHA1_TRUE=''
USE_GNUTLS_FALSE=''
USE_GNUTLS_TRUE=''
USE_LIBSODIUM_FALSE=''
USE_LIBSODIUM_TRUE=''
USE_NSS_FALSE=''
USE_NSS_TRUE=''
USE_TWEETNACL_FALSE=''
USE_TWEETNACL_TRUE=''
USE_WEPOLL_FALSE=''
USE_WEPOLL_TRUE=''
VALGRIND=''
VALGRIND_CHECK_RULES=''
VALGRIND_ENABLED=''
VALGRIND_ENABLED_FALSE=''
VALGRIND_ENABLED_TRUE=''
VALGRIND_HAVE_TOOL_drd=''
VALGRIND_HAVE_TOOL_exp_sgcheck=''
VALGRIND_HAVE_TOOL_helgrind=''
VALGRIND_HAVE_TOOL_memcheck=''
VERSION='4.3.5'
VSCRIPT_LDFLAGS=''
WITH_CLANG_FORMAT=''
WITH_CLANG_FORMAT_FALSE=''
WITH_CLANG_FORMAT_TRUE=''
XMLTO=''
ac_ct_AR=''
ac_ct_CC='gcc'
ac_ct_CXX=''
ac_ct_DUMPBIN=''
am__EXEEXT_FALSE=''
am__EXEEXT_TRUE=''
am__fastdepCC_FALSE='#'
am__fastdepCC_TRUE=''
am__fastdepCXX_FALSE=''
am__fastdepCXX_TRUE=''
am__include='include'
am__isrc=''
am__leading_dot='.'
am__nodep='_no'
am__quote=''
am__tar='tar --format=ustar -chf - "$$tardir"'
am__untar='tar -xf -'
bindir='${exec_prefix}/bin'
build=''
build_alias=''
build_cpu=''
build_os=''
build_vendor=''
datadir='${datarootdir}'
datarootdir='${prefix}/share'
docdir='${datarootdir}/doc/${PACKAGE_TARNAME}'
dvidir='${docdir}'
exec_prefix='NONE'
gssapi_krb5_CFLAGS=''
gssapi_krb5_LIBS=''
host=''
host_alias=''
host_cpu=''
host_os=''
host_vendor=''
htmldir='${docdir}'
includedir='${prefix}/include'
infodir='${datarootdir}/info'
install_sh='${SHELL} /home/mschu/Code/clustermq/src/libzmq/config/install-sh'
libdir='${exec_prefix}/lib'
libexecdir='${exec_prefix}/libexec'
libzmq_getconf=''
libzmq_have_asciidoc=''
libzmq_have_xmlto=''
localedir='${datarootdir}/locale'
localstatedir='${prefix}/var'
mandir='${datarootdir}/man'
mkdir_p='$(MKDIR_P)'
norm_CFLAGS=''
norm_LIBS=''
oldincludedir='/usr/include'
pdfdir='${docdir}'
pgm_CFLAGS=''
pgm_LIBS=''
pkg_config_defines=''
pkg_config_libs_private=''
pkg_config_names_private=''
pkgconfigdir=''
prefix='NONE'
program_transform_name='s,x,x,'
psdir='${docdir}'
runstatedir='${localstatedir}/run'
sbindir='${exec_prefix}/sbin'
sharedstatedir='${prefix}/com'
sodium_CFLAGS=''
sodium_LIBS=''
sysconfdir='${prefix}/etc'
target_alias=''

## ----------- ##
## confdefs.h. ##
## ----------- ##

/* confdefs.h */
#define PACKAGE_NAME "zeromq"
#define PACKAGE_TARNAME "zeromq"
#define PACKAGE_VERSION "4.3.5"
#define PACKAGE_STRING "zeromq 4.3.5"
#define PACKAGE_BUGREPORT "zeromq-dev@lists.zeromq.org"
#define PACKAGE_URL ""
#define PACKAGE "zeromq"
#define VERSION "4.3.5"

configure: caught signal 2
configure: exit 1
